WARNING: You are currently using Node.js v18.20.8, which is not supported by Hardhat. This can lead to unexpected behavior. See https://hardhat.org/nodejs-versions


Started HTTP and WebSocket JSON-RPC server at http://127.0.0.1:8545/

Accounts
========

WARNING: These accounts, and their private keys, are publicly known.
Any funds sent to them on Mainnet or any other live network WILL BE LOST.

Account #0: 0xf39Fd6e51aad88F6F4ce6aB8827279cffFb92266 (10000 ETH)
Private Key: 0xac0974bec39a17e36ba4a6b4d238ff944bacb478cbed5efcae784d7bf4f2ff80

Account #1: 0x70997970C51812dc3A010C7d01b50e0d17dc79C8 (10000 ETH)
Private Key: 0x59c6995e998f97a5a0044966f0945389dc9e86dae88c7a8412f4603b6b78690d

Account #2: 0x3C44CdDdB6a900fa2b585dd299e03d12FA4293BC (10000 ETH)
Private Key: 0x5de4111afa1a4b94908f83103eb1f1706367c2e68ca870fc3fb9a804cdab365a

Account #3: 0x90F79bf6EB2c4f870365E785982E1f101E93b906 (10000 ETH)
Private Key: 0x7c852118294e51e653712a81e05800f419141751be58f605c371e15141b007a6

Account #4: 0x15d34AAf54267DB7D7c367839AAf71A00a2C6A65 (10000 ETH)
Private Key: 0x47e179ec197488593b187f80a00eb0da91f1b9d0b13f8733639f19c30a34926a

Account #5: 0x9965507D1a55bcC2695C58ba16FB37d819B0A4dc (10000 ETH)
Private Key: 0x8b3a350cf5c34c9194ca85829a2df0ec3153be0318b5e2d3348e872092edffba

Account #6: 0x976EA74026E726554dB657fA54763abd0C3a0aa9 (10000 ETH)
Private Key: 0x92db14e403b83dfe3df233f83dfa3a0d7096f21ca9b0d6d6b8d88b2b4ec1564e

Account #7: 0x14dC79964da2C08b23698B3D3cc7Ca32193d9955 (10000 ETH)
Private Key: 0x4bbbf85ce3377467afe5d46f804f221813b2bb87f24d81f60f1fcdbf7cbf4356

Account #8: 0x23618e81E3f5cdF7f54C3d65f7FBc0aBf5B21E8f (10000 ETH)
Private Key: 0xdbda1821b80551c9d65939329250298aa3472ba22feea921c0cf5d620ea67b97

Account #9: 0xa0Ee7A142d267C1f36714E4a8F75612F20a79720 (10000 ETH)
Private Key: 0x2a871d0798f97d79848a013d4936a73bf4cc922c825d33c1cf7073dff6d409c6

Account #10: 0xBcd4042DE499D14e55001CcbB24a551F3b954096 (10000 ETH)
Private Key: 0xf214f2b2cd398c806f84e317254e0f0b801d0643303237d97a22a48e01628897

Account #11: 0x71bE63f3384f5fb98995898A86B02Fb2426c5788 (10000 ETH)
Private Key: 0x701b615bbdfb9de65240bc28bd21bbc0d996645a3dd57e7b12bc2bdf6f192c82

Account #12: 0xFABB0ac9d68B0B445fB7357272Ff202C5651694a (10000 ETH)
Private Key: 0xa267530f49f8280200edf313ee7af6b827f2a8bce2897751d06a843f644967b1

Account #13: 0x1CBd3b2770909D4e10f157cABC84C7264073C9Ec (10000 ETH)
Private Key: 0x47c99abed3324a2707c28affff1267e45918ec8c3f20b8aa892e8b065d2942dd

Account #14: 0xdF3e18d64BC6A983f673Ab319CCaE4f1a57C7097 (10000 ETH)
Private Key: 0xc526ee95bf44d8fc405a158bb884d9d1238d99f0612e9f33d006bb0789009aaa

Account #15: 0xcd3B766CCDd6AE721141F452C550Ca635964ce71 (10000 ETH)
Private Key: 0x8166f546bab6da521a8369cab06c5d2b9e46670292d85c875ee9ec20e84ffb61

Account #16: 0x2546BcD3c84621e976D8185a91A922aE77ECEc30 (10000 ETH)
Private Key: 0xea6c44ac03bff858b476bba40716402b03e41b8e97e276d1baec7c37d42484a0

Account #17: 0xbDA5747bFD65F08deb54cb465eB87D40e51B197E (10000 ETH)
Private Key: 0x689af8efa8c651a91ad287602527f3af2fe9f6501a7ac4b061667b5a93e037fd

Account #18: 0xdD2FD4581271e230360230F9337D5c0430Bf44C0 (10000 ETH)
Private Key: 0xde9be858da4a475276426320d5e9262ecfc3ba460bfac56360bfa6c4c28b4ee0

Account #19: 0x8626f6940E2eb28930eFb4CeF49B2d1F2C9C1199 (10000 ETH)
Private Key: 0xdf57089febbacf7ba0bc227dafbffa9fc08a93fdc68e1e42411a14efcf23656e

WARNING: These accounts, and their private keys, are publicly known.
Any funds sent to them on Mainnet or any other live network WILL BE LOST.

[32meth_chainId[0m
[32meth_accounts[0m
[32mhardhat_metadata[0m
[32mhardhat_metadata (2)[0m
[32mhardhat_metadata (3)[0m
[32mhardhat_metadata (4)[0m
[32mhardhat_metadata (5)[0m
[32mhardhat_metadata (6)[0m
[32mhardhat_metadata (7)[0m
[32mhardhat_metadata (8)[0m
[32mhardhat_metadata (9)[0m
[32mhardhat_metadata (10)[0m
[32mhardhat_metadata (11)[0m
[32mhardhat_metadata (12)[0m
[32mhardhat_metadata (13)[0m
[32mhardhat_metadata (14)[0m
[32mhardhat_metadata (15)[0m
[32mhardhat_metadata (16)[0m
[32mhardhat_metadata (17)[0m
[32mhardhat_metadata (18)[0m
[32mhardhat_metadata (19)[0m
[32mhardhat_metadata (20)[0m
[32meth_blockNumber[0m
[32meth_getBlockByNumber[0m
[32meth_feeHistory[0m
[32meth_maxPriorityFeePerGas[0m
[32meth_sendTransaction[0m
  Contract deployment: <UnrecognizedContract>
  Contract address:    0x5fbdb2315678afecb367f032d93f642f64180aa3
  Transaction:         0xcc11bbdae88a374691b3ceafc5889cdc855a7ef6ddd9c3498f4846cc8bf8c8b9
  From:                0xf39fd6e51aad88f6f4ce6ab8827279cfffb92266
  Value:               0 ETH
  Gas used:            731975 of 30000000
  Block #1:            0xe818b74deb4acfb41b0c1045d762263c0f62fc115dadb1bdc1e2f0b06e8ab0f7

[32meth_getTransactionByHash[0m
[32meth_getTransactionReceipt[0m
[32meth_accounts[0m
[32mhardhat_metadata[0m
[32mhardhat_metadata (2)[0m
[32mhardhat_metadata (3)[0m
[32mhardhat_metadata (4)[0m
[32mhardhat_metadata (5)[0m
[32mhardhat_metadata (6)[0m
[32mhardhat_metadata (7)[0m
[32mhardhat_metadata (8)[0m
[32mhardhat_metadata (9)[0m
[32mhardhat_metadata (10)[0m
[32mhardhat_metadata (11)[0m
[32mhardhat_metadata (12)[0m
[32mhardhat_metadata (13)[0m
[32mhardhat_metadata (14)[0m
[32mhardhat_metadata (15)[0m
[32mhardhat_metadata (16)[0m
[32mhardhat_metadata (17)[0m
[32mhardhat_metadata (18)[0m
[32mhardhat_metadata (19)[0m
[32mhardhat_metadata (20)[0m
[32meth_blockNumber[0m
[32meth_feeHistory[0m
[32meth_sendTransaction[0m
  Contract deployment: <UnrecognizedContract>
  Contract address:    0xe7f1725e7734ce288f8367e1bb143e90bb3f0512
  Transaction:         0xe37913eec81fd90e3e6abbc39e17591b5096e402aab9900588f17c35562cb031
  From:                0xf39fd6e51aad88f6f4ce6ab8827279cfffb92266
  Value:               0 ETH
  Gas used:            1562155 of 30000000
  Block #2:            0xc7fcc219d235e00298ff838649e21816449d2958e79b08d4da59876650a4a5c5

[32meth_getTransactionByHash[0m
[32meth_getTransactionReceipt[0m
[32meth_accounts[0m
[32mhardhat_metadata[0m
[32mhardhat_metadata (2)[0m
[32mhardhat_metadata (3)[0m
[32mhardhat_metadata (4)[0m
[32mhardhat_metadata (5)[0m
[32mhardhat_metadata (6)[0m
[32mhardhat_metadata (7)[0m
[32mhardhat_metadata (8)[0m
[32mhardhat_metadata (9)[0m
[32mhardhat_metadata (10)[0m
[32mhardhat_metadata (11)[0m
[32mhardhat_metadata (12)[0m
[32mhardhat_metadata (13)[0m
[32mhardhat_metadata (14)[0m
[32mhardhat_metadata (15)[0m
[32mhardhat_metadata (16)[0m
[32mhardhat_metadata (17)[0m
[32mhardhat_metadata (18)[0m
[32mhardhat_metadata (19)[0m
[32mhardhat_metadata (20)[0m
[32meth_blockNumber[0m
[32meth_feeHistory[0m
[32meth_sendTransaction[0m
  Contract deployment: <UnrecognizedContract>
  Contract address:    0x9fe46736679d2d9a65f0992f2272de9f3c7fa6e0
  Transaction:         0x2632f9129522196e0fc9996d941aae14751995f1b469157e8443c573e33b82d1
  From:                0xf39fd6e51aad88f6f4ce6ab8827279cfffb92266
  Value:               0 ETH
  Gas used:            913131 of 30000000
  Block #3:            0x5339036eb164b860e43561bcb4a576c474d2f0dcf5fdc36fc27d30a829e92fdc

[32meth_getTransactionByHash[0m
[32meth_getTransactionReceipt[0m
[32meth_chainId[0m
[32meth_accounts[0m
[32mhardhat_metadata[0m
[32mhardhat_metadata (2)[0m
[32mhardhat_metadata (3)[0m
[32mhardhat_metadata (4)[0m
[32mhardhat_metadata (5)[0m
[32mhardhat_metadata (6)[0m
[32mhardhat_metadata (7)[0m
[32mhardhat_metadata (8)[0m
[32mhardhat_metadata (9)[0m
[32mhardhat_metadata (10)[0m
[32mhardhat_metadata (11)[0m
[32mhardhat_metadata (12)[0m
[32mhardhat_metadata (13)[0m
[32mhardhat_metadata (14)[0m
[32mhardhat_metadata (15)[0m
[32mhardhat_metadata (16)[0m
[32mhardhat_metadata (17)[0m
[32mhardhat_metadata (18)[0m
[32mhardhat_metadata (19)[0m
[32mhardhat_metadata (20)[0m
[32meth_blockNumber[0m
[32meth_getBlockByNumber[0m
[32meth_feeHistory[0m
[32meth_sendTransaction[0m
  Contract deployment: <UnrecognizedContract>
  Contract address:    0xcf7ed3acca5a467e9e704c703e8d87f634fb0fc9
  Transaction:         0xa986ec48dc1cbcd162524336fc9fd7607236327307b00a3cfa282b4fdcbb8cd6
  From:                0xf39fd6e51aad88f6f4ce6ab8827279cfffb92266
  Value:               0 ETH
  Gas used:            731975 of 30000000
  Block #4:            0x747d14b30f0a59c3a72bc15238bbe3942fb9cea8f5dc96892db781c6a124ad4b

[32meth_getTransactionByHash[0m
[32meth_chainId[0m
[32meth_accounts[0m
[32mhardhat_metadata[0m
[32mhardhat_metadata (2)[0m
[32mhardhat_metadata (3)[0m
[32mhardhat_metadata (4)[0m
[32mhardhat_metadata (5)[0m
[32mhardhat_metadata (6)[0m
[32mhardhat_metadata (7)[0m
[32mhardhat_metadata (8)[0m
[32mhardhat_metadata (9)[0m
[32mhardhat_metadata (10)[0m
[32mhardhat_metadata (11)[0m
[32mhardhat_metadata (12)[0m
[32mhardhat_metadata (13)[0m
[32mhardhat_metadata (14)[0m
[32mhardhat_metadata (15)[0m
[32mhardhat_metadata (16)[0m
[32mhardhat_metadata (17)[0m
[32mhardhat_metadata (18)[0m
[32mhardhat_metadata (19)[0m
[32mhardhat_metadata (20)[0m
[32meth_blockNumber[0m
[32meth_getBlockByNumber[0m
[32meth_feeHistory[0m
[32meth_sendTransaction[0m
  Contract deployment: <UnrecognizedContract>
  Contract address:    0xdc64a140aa3e981100a9beca4e685f962f0cf6c9
  Transaction:         0x2b83fe4c7f0317d55afe555ec7dd504575a3858e3b35ab1ba54903cae13a7a5e
  From:                0xf39fd6e51aad88f6f4ce6ab8827279cfffb92266
  Value:               0 ETH
  Gas used:            731975 of 30000000
  Block #5:            0x8a67b933788fca2862d366cf94368dee63ebb87ad465106015b40c45e1ba1b3a

[32meth_getTransactionByHash[0m
[32meth_accounts[0m
[32mhardhat_metadata[0m
[32mhardhat_metadata (2)[0m
[32mhardhat_metadata (3)[0m
[32mhardhat_metadata (4)[0m
[32mhardhat_metadata (5)[0m
[32mhardhat_metadata (6)[0m
[32mhardhat_metadata (7)[0m
[32mhardhat_metadata (8)[0m
[32mhardhat_metadata (9)[0m
[32mhardhat_metadata (10)[0m
[32mhardhat_metadata (11)[0m
[32mhardhat_metadata (12)[0m
[32mhardhat_metadata (13)[0m
[32mhardhat_metadata (14)[0m
[32mhardhat_metadata (15)[0m
[32mhardhat_metadata (16)[0m
[32mhardhat_metadata (17)[0m
[32mhardhat_metadata (18)[0m
[32mhardhat_metadata (19)[0m
[32mhardhat_metadata (20)[0m
[32meth_blockNumber[0m
[32meth_feeHistory[0m
[32meth_sendTransaction[0m
  Contract deployment: <UnrecognizedContract>
  Contract address:    0x5fc8d32690cc91d4c39d9d3abcbd16989f875707
  Transaction:         0x920ec55839c6b57b9845296123eb90483feb4d12c34752c371b92501ba3619e1
  From:                0xf39fd6e51aad88f6f4ce6ab8827279cfffb92266
  Value:               0 ETH
  Gas used:            1562155 of 30000000
  Block #6:            0xfb4733d5b728a8b74098044f84d61cc60c21dd51f95ff12e21ec9a95225096a4

[32meth_getTransactionByHash[0m
[32meth_accounts[0m
[32mhardhat_metadata[0m
[32mhardhat_metadata (2)[0m
[32mhardhat_metadata (3)[0m
[32mhardhat_metadata (4)[0m
[32mhardhat_metadata (5)[0m
[32mhardhat_metadata (6)[0m
[32mhardhat_metadata (7)[0m
[32mhardhat_metadata (8)[0m
[32mhardhat_metadata (9)[0m
[32mhardhat_metadata (10)[0m
[32mhardhat_metadata (11)[0m
[32mhardhat_metadata (12)[0m
[32mhardhat_metadata (13)[0m
[32mhardhat_metadata (14)[0m
[32mhardhat_metadata (15)[0m
[32mhardhat_metadata (16)[0m
[32mhardhat_metadata (17)[0m
[32mhardhat_metadata (18)[0m
[32mhardhat_metadata (19)[0m
[32mhardhat_metadata (20)[0m
[32meth_blockNumber[0m
[32meth_feeHistory[0m
[32meth_sendTransaction[0m
  Contract deployment: <UnrecognizedContract>
  Contract address:    0x0165878a594ca255338adfa4d48449f69242eb8f
  Transaction:         0xe690536c84c673f7911245279ab3317a650b69c1b0ddcbca462e1488e52911d5
  From:                0xf39fd6e51aad88f6f4ce6ab8827279cfffb92266
  Value:               0 ETH
  Gas used:            913119 of 30000000
  Block #7:            0xc12570b32bc2594b8a6d06737cb214d28d236a215e92ea4c46da1b157bf4b409

[32meth_getTransactionByHash[0m
[32meth_chainId[0m
[32meth_accounts[0m
[32mhardhat_metadata[0m
[32mhardhat_metadata (2)[0m
[32mhardhat_metadata (3)[0m
[32mhardhat_metadata (4)[0m
[32mhardhat_metadata (5)[0m
[32mhardhat_metadata (6)[0m
[32mhardhat_metadata (7)[0m
[32mhardhat_metadata (8)[0m
[32mhardhat_metadata (9)[0m
[32mhardhat_metadata (10)[0m
[32mhardhat_metadata (11)[0m
[32mhardhat_metadata (12)[0m
[32mhardhat_metadata (13)[0m
[32mhardhat_metadata (14)[0m
[32mhardhat_metadata (15)[0m
[32mhardhat_metadata (16)[0m
[32mhardhat_metadata (17)[0m
[32mhardhat_metadata (18)[0m
[32mhardhat_metadata (19)[0m
[32mhardhat_metadata (20)[0m
[32meth_blockNumber[0m
[32meth_getBlockByNumber[0m
[32meth_feeHistory[0m
[32meth_sendTransaction[0m
  Contract deployment: <UnrecognizedContract>
  Contract address:    0xa513e6e4b8f2a923d98304ec87f64353c4d5c853
  Transaction:         0x37230e75c8c652681ccb0dc1b7557244b75f18e04048b8a7c864f1d9716c4060
  From:                0xf39fd6e51aad88f6f4ce6ab8827279cfffb92266
  Value:               0 ETH
  Gas used:            731975 of 30000000
  Block #8:            0x36c60202085fc751f7af64fbc61473b542512f925093f137669d3d4cb7aa8b10

[32meth_getTransactionByHash[0m
[32meth_accounts[0m
[32mhardhat_metadata[0m
[32mhardhat_metadata (2)[0m
[32mhardhat_metadata (3)[0m
[32mhardhat_metadata (4)[0m
[32mhardhat_metadata (5)[0m
[32mhardhat_metadata (6)[0m
[32mhardhat_metadata (7)[0m
[32mhardhat_metadata (8)[0m
[32mhardhat_metadata (9)[0m
[32mhardhat_metadata (10)[0m
[32mhardhat_metadata (11)[0m
[32mhardhat_metadata (12)[0m
[32mhardhat_metadata (13)[0m
[32mhardhat_metadata (14)[0m
[32mhardhat_metadata (15)[0m
[32mhardhat_metadata (16)[0m
[32mhardhat_metadata (17)[0m
[32mhardhat_metadata (18)[0m
[32mhardhat_metadata (19)[0m
[32mhardhat_metadata (20)[0m
[32meth_blockNumber[0m
[32meth_feeHistory[0m
[32meth_sendTransaction[0m
  Contract deployment: <UnrecognizedContract>
  Contract address:    0x2279b7a0a67db372996a5fab50d91eaa73d2ebe6
  Transaction:         0xee77e1fabfc7265925997a01bb04371fdbfcd8b2b1d3c8f404af11615daa60cf
  From:                0xf39fd6e51aad88f6f4ce6ab8827279cfffb92266
  Value:               0 ETH
  Gas used:            1562155 of 30000000
  Block #9:            0x286e79a14b0345a92ca1f41de85b169cc97ddf00f71c150002622faff11b5e75

[32meth_getTransactionByHash[0m
[32meth_accounts[0m
[32mhardhat_metadata[0m
[32mhardhat_metadata (2)[0m
[32mhardhat_metadata (3)[0m
[32mhardhat_metadata (4)[0m
[32mhardhat_metadata (5)[0m
[32mhardhat_metadata (6)[0m
[32mhardhat_metadata (7)[0m
[32mhardhat_metadata (8)[0m
[32mhardhat_metadata (9)[0m
[32mhardhat_metadata (10)[0m
[32mhardhat_metadata (11)[0m
[32mhardhat_metadata (12)[0m
[32mhardhat_metadata (13)[0m
[32mhardhat_metadata (14)[0m
[32mhardhat_metadata (15)[0m
[32mhardhat_metadata (16)[0m
[32mhardhat_metadata (17)[0m
[32mhardhat_metadata (18)[0m
[32mhardhat_metadata (19)[0m
[32mhardhat_metadata (20)[0m
[32meth_blockNumber[0m
[32meth_feeHistory[0m
[32meth_sendTransaction[0m
  Contract deployment: <UnrecognizedContract>
  Contract address:    0x8a791620dd6260079bf849dc5567adc3f2fdc318
  Transaction:         0x7d26f6206db36785fb7572ade04053b7f5ec11b16c573e05a3f1455120d79de5
  From:                0xf39fd6e51aad88f6f4ce6ab8827279cfffb92266
  Value:               0 ETH
  Gas used:            913131 of 30000000
  Block #10:           0x991025a5a68aa5da3581b1399b5fa494b69c916af2d954e3465640666ba7c3c7

[32meth_getTransactionByHash[0m
[32meth_accounts[0m
[32mhardhat_metadata[0m
[32mhardhat_metadata (2)[0m
[32mhardhat_metadata (3)[0m
[32mhardhat_metadata (4)[0m
[32mhardhat_metadata (5)[0m
[32mhardhat_metadata (6)[0m
[32mhardhat_metadata (7)[0m
[32mhardhat_metadata (8)[0m
[32mhardhat_metadata (9)[0m
[32mhardhat_metadata (10)[0m
[32mhardhat_metadata (11)[0m
[32mhardhat_metadata (12)[0m
[32mhardhat_metadata (13)[0m
[32mhardhat_metadata (14)[0m
[32mhardhat_metadata (15)[0m
[32mhardhat_metadata (16)[0m
[32mhardhat_metadata (17)[0m
[32mhardhat_metadata (18)[0m
[32mhardhat_metadata (19)[0m
[32mhardhat_metadata (20)[0m
[32meth_blockNumber[0m
[32meth_feeHistory[0m
[32meth_sendTransaction[0m
  Contract call:       <UnrecognizedContract>
  Transaction:         0x0c2e7f77058427e5e3d83f9cac5e19aeedf291fe56d1dba169b252013d2a790b
  From:                0xf39fd6e51aad88f6f4ce6ab8827279cfffb92266
  To:                  0x2279b7a0a67db372996a5fab50d91eaa73d2ebe6
  Value:               0 ETH
  Gas used:            238419 of 30000000
  Block #11:           0x91185978337e63072040757f643cf070030f19bd650132a14317988a7434893a

[32meth_getTransactionByHash[0m
[32meth_blockNumber[0m
[32meth_feeHistory[0m
[32meth_sendTransaction[0m
  Contract call:       <UnrecognizedContract>
  Transaction:         0x0625eadcdee53b45303e77a27786d930bf78d2983f5e43a617e786feb54ed43c
  From:                0xf39fd6e51aad88f6f4ce6ab8827279cfffb92266
  To:                  0x2279b7a0a67db372996a5fab50d91eaa73d2ebe6
  Value:               0 ETH
  Gas used:            243983 of 30000000
  Block #12:           0x0ec73c5d73745a8124f6cc0ce08a8b6efa6b4d9d673738233208b76bd7aa4bd4

[32meth_getTransactionByHash[0m
[32meth_chainId[0m
[32meth_accounts[0m
[32mhardhat_metadata[0m
[32mhardhat_metadata (2)[0m
[32mhardhat_metadata (3)[0m
[32mhardhat_metadata (4)[0m
[32mhardhat_metadata (5)[0m
[32mhardhat_metadata (6)[0m
[32mhardhat_metadata (7)[0m
[32mhardhat_metadata (8)[0m
[32mhardhat_metadata (9)[0m
[32mhardhat_metadata (10)[0m
[32mhardhat_metadata (11)[0m
[32mhardhat_metadata (12)[0m
[32mhardhat_metadata (13)[0m
[32mhardhat_metadata (14)[0m
[32mhardhat_metadata (15)[0m
[32mhardhat_metadata (16)[0m
[32mhardhat_metadata (17)[0m
[32mhardhat_metadata (18)[0m
[32mhardhat_metadata (19)[0m
[32mhardhat_metadata (20)[0m
[32meth_accounts[0m
[32mhardhat_metadata[0m
[32mhardhat_metadata (2)[0m
[32mhardhat_metadata (3)[0m
[32mhardhat_metadata (4)[0m
[32mhardhat_metadata (5)[0m
[32mhardhat_metadata (6)[0m
[32mhardhat_metadata (7)[0m
[32mhardhat_metadata (8)[0m
[32mhardhat_metadata (9)[0m
[32mhardhat_metadata (10)[0m
[32mhardhat_metadata (11)[0m
[32mhardhat_metadata (12)[0m
[32mhardhat_metadata (13)[0m
[32mhardhat_metadata (14)[0m
[32mhardhat_metadata (15)[0m
[32mhardhat_metadata (16)[0m
[32mhardhat_metadata (17)[0m
[32mhardhat_metadata (18)[0m
[32mhardhat_metadata (19)[0m
[32mhardhat_metadata (20)[0m
[32meth_accounts[0m
[32mhardhat_metadata[0m
[32mhardhat_metadata (2)[0m
[32mhardhat_metadata (3)[0m
[32mhardhat_metadata (4)[0m
[32mhardhat_metadata (5)[0m
[32mhardhat_metadata (6)[0m
[32mhardhat_metadata (7)[0m
[32mhardhat_metadata (8)[0m
[32mhardhat_metadata (9)[0m
[32mhardhat_metadata (10)[0m
[32mhardhat_metadata (11)[0m
[32mhardhat_metadata (12)[0m
[32mhardhat_metadata (13)[0m
[32mhardhat_metadata (14)[0m
[32mhardhat_metadata (15)[0m
[32mhardhat_metadata (16)[0m
[32mhardhat_metadata (17)[0m
[32mhardhat_metadata (18)[0m
[32mhardhat_metadata (19)[0m
[32mhardhat_metadata (20)[0m
[32meth_blockNumber[0m
[32meth_getBlockByNumber[0m
[32meth_feeHistory[0m
[32meth_sendTransaction[0m
  Contract call:       <UnrecognizedContract>
  Transaction:         0xa6919ad04cda032240b642514b190a74de26ebbe38a84e061bf5edd50d395ba7
  From:                0xf39fd6e51aad88f6f4ce6ab8827279cfffb92266
  To:                  0x2279b7a0a67db372996a5fab50d91eaa73d2ebe6
  Value:               0 ETH
  Gas used:            47210 of 30000000
  Block #13:           0xc55282a2ad737bc3769545d7b7935ef07a9081d79b3247d24d8c7d1fc73606b1

[32meth_getTransactionByHash[0m
[32meth_getTransactionReceipt[0m
[32meth_blockNumber[0m
[32meth_feeHistory[0m
[32meth_sendTransaction[0m
  Contract call:       <UnrecognizedContract>
  Transaction:         0xd3bee2ed3094cff2569376028589a6111177ed081fcb9df76e7383ee0b6f2d35
  From:                0xf39fd6e51aad88f6f4ce6ab8827279cfffb92266
  To:                  0x2279b7a0a67db372996a5fab50d91eaa73d2ebe6
  Value:               0 ETH
  Gas used:            243983 of 30000000
  Block #14:           0x5c6154dea1882901a5dcd0e8a16c5e5f7fd06ecc6dcd6986425a7fe3c1171947

[32meth_getTransactionByHash[0m
[32meth_getTransactionReceipt[0m
[32meth_blockNumber[0m
[32meth_feeHistory[0m
[31meth_sendTransaction[0m
  Contract call:       <UnrecognizedContract>
  Transaction:         0xf8425735021f3e3361590d2c41d5b6458dee71107df650acb244ce9c43949a2b
  From:                0xf39fd6e51aad88f6f4ce6ab8827279cfffb92266
  To:                  0x8a791620dd6260079bf849dc5567adc3f2fdc318
  Value:               0 ETH
  Gas used:            37981 of 30000000
  Block #15:           0x357073526e7bf58aa4c871def5ed18528f21d2f116b2c982e56a90f6328af722

  Error: VM Exception while processing transaction: reverted with an unrecognized custom error (return data: 0x177e802f0000000000000000000000008a791620dd6260079bf849dc5567adc3f2fdc3180000000000000000000000000000000000000000000000000000000000000001)

[32meth_chainId[0m
[32meth_accounts[0m
[32mhardhat_metadata[0m
[32mhardhat_metadata (2)[0m
[32mhardhat_metadata (3)[0m
[32mhardhat_metadata (4)[0m
[32mhardhat_metadata (5)[0m
[32mhardhat_metadata (6)[0m
[32mhardhat_metadata (7)[0m
[32mhardhat_metadata (8)[0m
[32mhardhat_metadata (9)[0m
[32mhardhat_metadata (10)[0m
[32mhardhat_metadata (11)[0m
[32mhardhat_metadata (12)[0m
[32mhardhat_metadata (13)[0m
[32mhardhat_metadata (14)[0m
[32mhardhat_metadata (15)[0m
[32mhardhat_metadata (16)[0m
[32mhardhat_metadata (17)[0m
[32mhardhat_metadata (18)[0m
[32mhardhat_metadata (19)[0m
[32mhardhat_metadata (20)[0m
[32meth_accounts[0m
[32mhardhat_metadata[0m
[32mhardhat_metadata (2)[0m
[32mhardhat_metadata (3)[0m
[32mhardhat_metadata (4)[0m
[32mhardhat_metadata (5)[0m
[32mhardhat_metadata (6)[0m
[32mhardhat_metadata (7)[0m
[32mhardhat_metadata (8)[0m
[32mhardhat_metadata (9)[0m
[32mhardhat_metadata (10)[0m
[32mhardhat_metadata (11)[0m
[32mhardhat_metadata (12)[0m
[32mhardhat_metadata (13)[0m
[32mhardhat_metadata (14)[0m
[32mhardhat_metadata (15)[0m
[32mhardhat_metadata (16)[0m
[32mhardhat_metadata (17)[0m
[32mhardhat_metadata (18)[0m
[32mhardhat_metadata (19)[0m
[32mhardhat_metadata (20)[0m
[32meth_call[0m
  Contract call:       <UnrecognizedContract>
  From:                0xf39fd6e51aad88f6f4ce6ab8827279cfffb92266
  To:                  0x2279b7a0a67db372996a5fab50d91eaa73d2ebe6

[32meth_call[0m
  Contract call:       <UnrecognizedContract>
  From:                0xf39fd6e51aad88f6f4ce6ab8827279cfffb92266
  To:                  0x8a791620dd6260079bf849dc5567adc3f2fdc318

[32meth_call[0m
  Contract call:       <UnrecognizedContract>
  From:                0xf39fd6e51aad88f6f4ce6ab8827279cfffb92266
  To:                  0x2279b7a0a67db372996a5fab50d91eaa73d2ebe6

[32meth_call[0m
  Contract call:       <UnrecognizedContract>
  From:                0xf39fd6e51aad88f6f4ce6ab8827279cfffb92266
  To:                  0x8a791620dd6260079bf849dc5567adc3f2fdc318

[32meth_call[0m
  Contract call:       <UnrecognizedContract>
  From:                0xf39fd6e51aad88f6f4ce6ab8827279cfffb92266
  To:                  0x2279b7a0a67db372996a5fab50d91eaa73d2ebe6

[32meth_call[0m
  Contract call:       <UnrecognizedContract>
  From:                0xf39fd6e51aad88f6f4ce6ab8827279cfffb92266
  To:                  0x8a791620dd6260079bf849dc5567adc3f2fdc318

[31meth_call[0m
  Contract call:       <UnrecognizedContract>
  From:                0xf39fd6e51aad88f6f4ce6ab8827279cfffb92266
  To:                  0x2279b7a0a67db372996a5fab50d91eaa73d2ebe6

  Error: VM Exception while processing transaction: reverted with an unrecognized custom error (return data: 0x7e2732890000000000000000000000000000000000000000000000000000000000000004)

[32meth_call[0m
  Contract call:       <UnrecognizedContract>
  From:                0xf39fd6e51aad88f6f4ce6ab8827279cfffb92266
  To:                  0x8a791620dd6260079bf849dc5567adc3f2fdc318

[31meth_call[0m
  Contract call:       <UnrecognizedContract>
  From:                0xf39fd6e51aad88f6f4ce6ab8827279cfffb92266
  To:                  0x2279b7a0a67db372996a5fab50d91eaa73d2ebe6

  Error: VM Exception while processing transaction: reverted with an unrecognized custom error (return data: 0x7e2732890000000000000000000000000000000000000000000000000000000000000005)

[32meth_call[0m
  Contract call:       <UnrecognizedContract>
  From:                0xf39fd6e51aad88f6f4ce6ab8827279cfffb92266
  To:                  0x8a791620dd6260079bf849dc5567adc3f2fdc318

[31meth_call[0m
  Contract call:       <UnrecognizedContract>
  From:                0xf39fd6e51aad88f6f4ce6ab8827279cfffb92266
  To:                  0x2279b7a0a67db372996a5fab50d91eaa73d2ebe6

  Error: VM Exception while processing transaction: reverted with an unrecognized custom error (return data: 0x7e2732890000000000000000000000000000000000000000000000000000000000000006)

[32meth_call[0m
  Contract call:       <UnrecognizedContract>
  From:                0xf39fd6e51aad88f6f4ce6ab8827279cfffb92266
  To:                  0x8a791620dd6260079bf849dc5567adc3f2fdc318

[32meth_chainId[0m
[32meth_accounts[0m
[32mhardhat_metadata[0m
[32mhardhat_metadata (2)[0m
[32mhardhat_metadata (3)[0m
[32mhardhat_metadata (4)[0m
[32mhardhat_metadata (5)[0m
[32mhardhat_metadata (6)[0m
[32mhardhat_metadata (7)[0m
[32mhardhat_metadata (8)[0m
[32mhardhat_metadata (9)[0m
[32mhardhat_metadata (10)[0m
[32mhardhat_metadata (11)[0m
[32mhardhat_metadata (12)[0m
[32mhardhat_metadata (13)[0m
[32mhardhat_metadata (14)[0m
[32mhardhat_metadata (15)[0m
[32mhardhat_metadata (16)[0m
[32mhardhat_metadata (17)[0m
[32mhardhat_metadata (18)[0m
[32mhardhat_metadata (19)[0m
[32mhardhat_metadata (20)[0m
[32meth_accounts[0m
[32mhardhat_metadata[0m
[32mhardhat_metadata (2)[0m
[32mhardhat_metadata (3)[0m
[32mhardhat_metadata (4)[0m
[32mhardhat_metadata (5)[0m
[32mhardhat_metadata (6)[0m
[32mhardhat_metadata (7)[0m
[32mhardhat_metadata (8)[0m
[32mhardhat_metadata (9)[0m
[32mhardhat_metadata (10)[0m
[32mhardhat_metadata (11)[0m
[32mhardhat_metadata (12)[0m
[32mhardhat_metadata (13)[0m
[32mhardhat_metadata (14)[0m
[32mhardhat_metadata (15)[0m
[32mhardhat_metadata (16)[0m
[32mhardhat_metadata (17)[0m
[32mhardhat_metadata (18)[0m
[32mhardhat_metadata (19)[0m
[32mhardhat_metadata (20)[0m
[32meth_accounts[0m
[32mhardhat_metadata[0m
[32mhardhat_metadata (2)[0m
[32mhardhat_metadata (3)[0m
[32mhardhat_metadata (4)[0m
[32mhardhat_metadata (5)[0m
[32mhardhat_metadata (6)[0m
[32mhardhat_metadata (7)[0m
[32mhardhat_metadata (8)[0m
[32mhardhat_metadata (9)[0m
[32mhardhat_metadata (10)[0m
[32mhardhat_metadata (11)[0m
[32mhardhat_metadata (12)[0m
[32mhardhat_metadata (13)[0m
[32mhardhat_metadata (14)[0m
[32mhardhat_metadata (15)[0m
[32mhardhat_metadata (16)[0m
[32mhardhat_metadata (17)[0m
[32mhardhat_metadata (18)[0m
[32mhardhat_metadata (19)[0m
[32mhardhat_metadata (20)[0m
[32meth_chainId[0m
[32meth_accounts[0m
[32mhardhat_metadata[0m
[32mhardhat_metadata (2)[0m
[32mhardhat_metadata (3)[0m
[32mhardhat_metadata (4)[0m
[32mhardhat_metadata (5)[0m
[32mhardhat_metadata (6)[0m
[32mhardhat_metadata (7)[0m
[32mhardhat_metadata (8)[0m
[32mhardhat_metadata (9)[0m
[32mhardhat_metadata (10)[0m
[32mhardhat_metadata (11)[0m
[32mhardhat_metadata (12)[0m
[32mhardhat_metadata (13)[0m
[32mhardhat_metadata (14)[0m
[32mhardhat_metadata (15)[0m
[32mhardhat_metadata (16)[0m
[32mhardhat_metadata (17)[0m
[32mhardhat_metadata (18)[0m
[32mhardhat_metadata (19)[0m
[32mhardhat_metadata (20)[0m
[32meth_accounts[0m
[32mhardhat_metadata[0m
[32mhardhat_metadata (2)[0m
[32mhardhat_metadata (3)[0m
[32mhardhat_metadata (4)[0m
[32mhardhat_metadata (5)[0m
[32mhardhat_metadata (6)[0m
[32mhardhat_metadata (7)[0m
[32mhardhat_metadata (8)[0m
[32mhardhat_metadata (9)[0m
[32mhardhat_metadata (10)[0m
[32mhardhat_metadata (11)[0m
[32mhardhat_metadata (12)[0m
[32mhardhat_metadata (13)[0m
[32mhardhat_metadata (14)[0m
[32mhardhat_metadata (15)[0m
[32mhardhat_metadata (16)[0m
[32mhardhat_metadata (17)[0m
[32mhardhat_metadata (18)[0m
[32mhardhat_metadata (19)[0m
[32mhardhat_metadata (20)[0m
[32meth_accounts[0m
[32mhardhat_metadata[0m
[32mhardhat_metadata (2)[0m
[32mhardhat_metadata (3)[0m
[32mhardhat_metadata (4)[0m
[32mhardhat_metadata (5)[0m
[32mhardhat_metadata (6)[0m
[32mhardhat_metadata (7)[0m
[32mhardhat_metadata (8)[0m
[32mhardhat_metadata (9)[0m
[32mhardhat_metadata (10)[0m
[32mhardhat_metadata (11)[0m
[32mhardhat_metadata (12)[0m
[32mhardhat_metadata (13)[0m
[32mhardhat_metadata (14)[0m
[32mhardhat_metadata (15)[0m
[32mhardhat_metadata (16)[0m
[32mhardhat_metadata (17)[0m
[32mhardhat_metadata (18)[0m
[32mhardhat_metadata (19)[0m
[32mhardhat_metadata (20)[0m
[32meth_chainId[0m
[32meth_accounts[0m
[32mhardhat_metadata[0m
[32mhardhat_metadata (2)[0m
[32mhardhat_metadata (3)[0m
[32mhardhat_metadata (4)[0m
[32mhardhat_metadata (5)[0m
[32mhardhat_metadata (6)[0m
[32mhardhat_metadata (7)[0m
[32mhardhat_metadata (8)[0m
[32mhardhat_metadata (9)[0m
[32mhardhat_metadata (10)[0m
[32mhardhat_metadata (11)[0m
[32mhardhat_metadata (12)[0m
[32mhardhat_metadata (13)[0m
[32mhardhat_metadata (14)[0m
[32mhardhat_metadata (15)[0m
[32mhardhat_metadata (16)[0m
[32mhardhat_metadata (17)[0m
[32mhardhat_metadata (18)[0m
[32mhardhat_metadata (19)[0m
[32mhardhat_metadata (20)[0m
[32meth_accounts[0m
[32mhardhat_metadata[0m
[32mhardhat_metadata (2)[0m
[32mhardhat_metadata (3)[0m
[32mhardhat_metadata (4)[0m
[32mhardhat_metadata (5)[0m
[32mhardhat_metadata (6)[0m
[32mhardhat_metadata (7)[0m
[32mhardhat_metadata (8)[0m
[32mhardhat_metadata (9)[0m
[32mhardhat_metadata (10)[0m
[32mhardhat_metadata (11)[0m
[32mhardhat_metadata (12)[0m
[32mhardhat_metadata (13)[0m
[32mhardhat_metadata (14)[0m
[32mhardhat_metadata (15)[0m
[32mhardhat_metadata (16)[0m
[32mhardhat_metadata (17)[0m
[32mhardhat_metadata (18)[0m
[32mhardhat_metadata (19)[0m
[32mhardhat_metadata (20)[0m
[32meth_accounts[0m
[32mhardhat_metadata[0m
[32mhardhat_metadata (2)[0m
[32mhardhat_metadata (3)[0m
[32mhardhat_metadata (4)[0m
[32mhardhat_metadata (5)[0m
[32mhardhat_metadata (6)[0m
[32mhardhat_metadata (7)[0m
[32mhardhat_metadata (8)[0m
[32mhardhat_metadata (9)[0m
[32mhardhat_metadata (10)[0m
[32mhardhat_metadata (11)[0m
[32mhardhat_metadata (12)[0m
[32mhardhat_metadata (13)[0m
[32mhardhat_metadata (14)[0m
[32mhardhat_metadata (15)[0m
[32mhardhat_metadata (16)[0m
[32mhardhat_metadata (17)[0m
[32mhardhat_metadata (18)[0m
[32mhardhat_metadata (19)[0m
[32mhardhat_metadata (20)[0m
[32meth_call[0m
  Contract call:       <UnrecognizedContract>
  From:                0xf39fd6e51aad88f6f4ce6ab8827279cfffb92266
  To:                  0x2279b7a0a67db372996a5fab50d91eaa73d2ebe6

[32meth_call[0m
  Contract call:       <UnrecognizedContract>
  From:                0xf39fd6e51aad88f6f4ce6ab8827279cfffb92266
  To:                  0x2279b7a0a67db372996a5fab50d91eaa73d2ebe6

[32meth_blockNumber[0m
[32meth_getBlockByNumber[0m
[32meth_feeHistory[0m
[31meth_sendTransaction[0m
  Contract call:       <UnrecognizedContract>
  Transaction:         0x0e0e7998d47d7a76152a869775aaf55ed6b03072fa88c7b9d66a399ed0ee1096
  From:                0xf39fd6e51aad88f6f4ce6ab8827279cfffb92266
  To:                  0x8a791620dd6260079bf849dc5567adc3f2fdc318
  Value:               0 ETH
  Gas used:            37981 of 30000000
  Block #16:           0x2195e9b1605c2ddadb75c6671507b9071afca8dc288294613afb97189792f82d

  Error: VM Exception while processing transaction: reverted with an unrecognized custom error (return data: 0x177e802f0000000000000000000000008a791620dd6260079bf849dc5567adc3f2fdc3180000000000000000000000000000000000000000000000000000000000000001)

[32meth_chainId[0m
[32meth_accounts[0m
[32mhardhat_metadata[0m
[32mhardhat_metadata (2)[0m
[32mhardhat_metadata (3)[0m
[32mhardhat_metadata (4)[0m
[32mhardhat_metadata (5)[0m
[32mhardhat_metadata (6)[0m
[32mhardhat_metadata (7)[0m
[32mhardhat_metadata (8)[0m
[32mhardhat_metadata (9)[0m
[32mhardhat_metadata (10)[0m
[32mhardhat_metadata (11)[0m
[32mhardhat_metadata (12)[0m
[32mhardhat_metadata (13)[0m
[32mhardhat_metadata (14)[0m
[32mhardhat_metadata (15)[0m
[32mhardhat_metadata (16)[0m
[32mhardhat_metadata (17)[0m
[32mhardhat_metadata (18)[0m
[32mhardhat_metadata (19)[0m
[32mhardhat_metadata (20)[0m
[32meth_accounts[0m
[32mhardhat_metadata[0m
[32mhardhat_metadata (2)[0m
[32mhardhat_metadata (3)[0m
[32mhardhat_metadata (4)[0m
[32mhardhat_metadata (5)[0m
[32mhardhat_metadata (6)[0m
[32mhardhat_metadata (7)[0m
[32mhardhat_metadata (8)[0m
[32mhardhat_metadata (9)[0m
[32mhardhat_metadata (10)[0m
[32mhardhat_metadata (11)[0m
[32mhardhat_metadata (12)[0m
[32mhardhat_metadata (13)[0m
[32mhardhat_metadata (14)[0m
[32mhardhat_metadata (15)[0m
[32mhardhat_metadata (16)[0m
[32mhardhat_metadata (17)[0m
[32mhardhat_metadata (18)[0m
[32mhardhat_metadata (19)[0m
[32mhardhat_metadata (20)[0m
[32meth_accounts[0m
[32mhardhat_metadata[0m
[32mhardhat_metadata (2)[0m
[32mhardhat_metadata (3)[0m
[32mhardhat_metadata (4)[0m
[32mhardhat_metadata (5)[0m
[32mhardhat_metadata (6)[0m
[32mhardhat_metadata (7)[0m
[32mhardhat_metadata (8)[0m
[32mhardhat_metadata (9)[0m
[32mhardhat_metadata (10)[0m
[32mhardhat_metadata (11)[0m
[32mhardhat_metadata (12)[0m
[32mhardhat_metadata (13)[0m
[32mhardhat_metadata (14)[0m
[32mhardhat_metadata (15)[0m
[32mhardhat_metadata (16)[0m
[32mhardhat_metadata (17)[0m
[32mhardhat_metadata (18)[0m
[32mhardhat_metadata (19)[0m
[32mhardhat_metadata (20)[0m
[32meth_blockNumber[0m
[32meth_getBlockByNumber[0m
[32meth_feeHistory[0m
[32meth_sendTransaction[0m
  Contract call:       <UnrecognizedContract>
  Transaction:         0xf699bcf30ec86ccc3003bdf7c698f78fd5647d13b3d7dac1f5c24fc3b3241772
  From:                0xf39fd6e51aad88f6f4ce6ab8827279cfffb92266
  To:                  0x2279b7a0a67db372996a5fab50d91eaa73d2ebe6
  Value:               0 ETH
  Gas used:            27310 of 30000000
  Block #17:           0x3d35d070cd4f129f12b84491a62021d3edf47850a24f09914535b2ac3ff68519

[32meth_getTransactionByHash[0m
[32meth_getTransactionReceipt[0m
[32meth_blockNumber[0m
[32meth_feeHistory[0m
[32meth_sendTransaction[0m
  Contract call:       <UnrecognizedContract>
  Transaction:         0x5e2656ca67fca84fe64a33a90733fbf4ad16fceec19cfce03294af82229d5c07
  From:                0xf39fd6e51aad88f6f4ce6ab8827279cfffb92266
  To:                  0x2279b7a0a67db372996a5fab50d91eaa73d2ebe6
  Value:               0 ETH
  Gas used:            243983 of 30000000
  Block #18:           0x6f047f71f990f60013295dbf2ecfe7ebad3ad196bd379169a3837096a8aa9d43

[32meth_getTransactionByHash[0m
[32meth_getTransactionReceipt[0m
[32meth_chainId[0m
[32meth_accounts[0m
[32mhardhat_metadata[0m
[32mhardhat_metadata (2)[0m
[32mhardhat_metadata (3)[0m
[32mhardhat_metadata (4)[0m
[32mhardhat_metadata (5)[0m
[32mhardhat_metadata (6)[0m
[32mhardhat_metadata (7)[0m
[32mhardhat_metadata (8)[0m
[32mhardhat_metadata (9)[0m
[32mhardhat_metadata (10)[0m
[32mhardhat_metadata (11)[0m
[32mhardhat_metadata (12)[0m
[32mhardhat_metadata (13)[0m
[32mhardhat_metadata (14)[0m
[32mhardhat_metadata (15)[0m
[32mhardhat_metadata (16)[0m
[32mhardhat_metadata (17)[0m
[32mhardhat_metadata (18)[0m
[32mhardhat_metadata (19)[0m
[32mhardhat_metadata (20)[0m
[32meth_accounts[0m
[32mhardhat_metadata[0m
[32mhardhat_metadata (2)[0m
[32mhardhat_metadata (3)[0m
[32mhardhat_metadata (4)[0m
[32mhardhat_metadata (5)[0m
[32mhardhat_metadata (6)[0m
[32mhardhat_metadata (7)[0m
[32mhardhat_metadata (8)[0m
[32mhardhat_metadata (9)[0m
[32mhardhat_metadata (10)[0m
[32mhardhat_metadata (11)[0m
[32mhardhat_metadata (12)[0m
[32mhardhat_metadata (13)[0m
[32mhardhat_metadata (14)[0m
[32mhardhat_metadata (15)[0m
[32mhardhat_metadata (16)[0m
[32mhardhat_metadata (17)[0m
[32mhardhat_metadata (18)[0m
[32mhardhat_metadata (19)[0m
[32mhardhat_metadata (20)[0m
[32meth_accounts[0m
[32mhardhat_metadata[0m
[32mhardhat_metadata (2)[0m
[32mhardhat_metadata (3)[0m
[32mhardhat_metadata (4)[0m
[32mhardhat_metadata (5)[0m
[32mhardhat_metadata (6)[0m
[32mhardhat_metadata (7)[0m
[32mhardhat_metadata (8)[0m
[32mhardhat_metadata (9)[0m
[32mhardhat_metadata (10)[0m
[32mhardhat_metadata (11)[0m
[32mhardhat_metadata (12)[0m
[32mhardhat_metadata (13)[0m
[32mhardhat_metadata (14)[0m
[32mhardhat_metadata (15)[0m
[32mhardhat_metadata (16)[0m
[32mhardhat_metadata (17)[0m
[32mhardhat_metadata (18)[0m
[32mhardhat_metadata (19)[0m
[32mhardhat_metadata (20)[0m
[32meth_blockNumber[0m
[32meth_getBlockByNumber[0m
[32meth_feeHistory[0m
[32meth_sendTransaction[0m
  Contract call:       <UnrecognizedContract>
  Transaction:         0xba41923bd34d85b16915092bf8a3159219f4e25452a298b149d3bf8758d75345
  From:                0xf39fd6e51aad88f6f4ce6ab8827279cfffb92266
  To:                  0x2279b7a0a67db372996a5fab50d91eaa73d2ebe6
  Value:               0 ETH
  Gas used:            27310 of 30000000
  Block #19:           0x8f8914624ae396b3df5d808ec4b35fbc13bcaf8f55518d7e595a4c58f5e7aa7f

[32meth_getTransactionByHash[0m
[32meth_getTransactionReceipt[0m
[32meth_blockNumber[0m
[32meth_feeHistory[0m
[32meth_sendTransaction[0m
  Contract call:       <UnrecognizedContract>
  Transaction:         0x03249f68e9254bb3da2d24013550f06697d2a7356e2730fd5147d168a9723e87
  From:                0xf39fd6e51aad88f6f4ce6ab8827279cfffb92266
  To:                  0x2279b7a0a67db372996a5fab50d91eaa73d2ebe6
  Value:               0 ETH
  Gas used:            243983 of 30000000
  Block #20:           0x956656a98fedbc15c81bfaa46d27f8f7c78e7623f158b99d5eb7876bf6c74a49

[32meth_getTransactionByHash[0m
[32meth_getTransactionReceipt[0m
[32meth_blockNumber[0m
[32meth_feeHistory[0m
[32meth_sendTransaction[0m
  Contract call:       <UnrecognizedContract>
  Transaction:         0xd451274d5c8409aa450c93e22025a61037cd2d3739a1a85cdcffaf4ea598de91
  From:                0xf39fd6e51aad88f6f4ce6ab8827279cfffb92266
  To:                  0x2279b7a0a67db372996a5fab50d91eaa73d2ebe6
  Value:               0 ETH
  Gas used:            48691 of 30000000
  Block #21:           0xbc625081f2c846c8678ab517685e1308b7749df559cd8df6f3c1c0b90e183d7e

[32meth_getTransactionByHash[0m
[32meth_getTransactionReceipt[0m
[32meth_blockNumber[0m
[32meth_feeHistory[0m
[32meth_sendTransaction[0m
  Contract call:       <UnrecognizedContract>
  Transaction:         0x1ca8b02901b34950f3dfc4f57dd3e23f776956a6edb6411121bf50d60b84d4d0
  From:                0xf39fd6e51aad88f6f4ce6ab8827279cfffb92266
  To:                  0x8a791620dd6260079bf849dc5567adc3f2fdc318
  Value:               0 ETH
  Gas used:            233070 of 30000000
  Block #22:           0xb78797f007c5a65005fa99ab537c073b8cef53d45a44867ba9af1787444a3ee3

[32meth_getTransactionByHash[0m
[32meth_getTransactionReceipt[0m
[32meth_blockNumber[0m
[32meth_feeHistory[0m
[32meth_sendTransaction[0m
  Contract call:       <UnrecognizedContract>
  Transaction:         0x8bad6e5408d544823cabe9563dabf9499090476a0815d025152554d44d45b8a0
  From:                0xf39fd6e51aad88f6f4ce6ab8827279cfffb92266
  To:                  0x2279b7a0a67db372996a5fab50d91eaa73d2ebe6
  Value:               0 ETH
  Gas used:            243983 of 30000000
  Block #23:           0x27b49bbb35e44a14726c6d9f6133ff64183f441a8b3862c86916e8061659ffbe

[32meth_getTransactionByHash[0m
[32meth_getTransactionReceipt[0m
[32meth_blockNumber[0m
[32meth_feeHistory[0m
[32meth_sendTransaction[0m
  Contract call:       <UnrecognizedContract>
  Transaction:         0x5c60db4908fde44f22b42d0bee073a41ec42700a3949b2f66addafb70e7fc097
  From:                0xf39fd6e51aad88f6f4ce6ab8827279cfffb92266
  To:                  0x2279b7a0a67db372996a5fab50d91eaa73d2ebe6
  Value:               0 ETH
  Gas used:            48691 of 30000000
  Block #24:           0x34b554925d5e98edf4adae0058c1403739600e71e7112016dd7bbc2d04f96cea

[32meth_getTransactionByHash[0m
[32meth_getTransactionReceipt[0m
[32meth_blockNumber[0m
[32meth_feeHistory[0m
[32meth_sendTransaction[0m
  Contract call:       <UnrecognizedContract>
  Transaction:         0xd9c7f432573bbc18afec9fec21872c178b9ca13c075d88172a560c4f9938d704
  From:                0xf39fd6e51aad88f6f4ce6ab8827279cfffb92266
  To:                  0x8a791620dd6260079bf849dc5567adc3f2fdc318
  Value:               0 ETH
  Gas used:            203670 of 30000000
  Block #25:           0x17664fd09956a9efd74fe373cb324b93dd2acd6a91d69ba6d0becb731f09487f

[32meth_getTransactionByHash[0m
[32meth_getTransactionReceipt[0m
[32meth_blockNumber[0m
[32meth_feeHistory[0m
[32meth_sendTransaction[0m
  Contract call:       <UnrecognizedContract>
  Transaction:         0x45f8418a9fd07d782369c2c5efaa85239881b60fa47fe6bf29d960e60891a33b
  From:                0xf39fd6e51aad88f6f4ce6ab8827279cfffb92266
  To:                  0x2279b7a0a67db372996a5fab50d91eaa73d2ebe6
  Value:               0 ETH
  Gas used:            243983 of 30000000
  Block #26:           0x1f0e42729da47733a701ea61d7e2767dd87f5003e68de00e85cfdfcb7a19f1f1

[32meth_getTransactionByHash[0m
[32meth_getTransactionReceipt[0m
[32meth_blockNumber[0m
[32meth_feeHistory[0m
[32meth_sendTransaction[0m
  Contract call:       <UnrecognizedContract>
  Transaction:         0xfb4442d16fc05d7bd9407b90fe6b849950e874eb80668f778ce4e1747343f389
  From:                0xf39fd6e51aad88f6f4ce6ab8827279cfffb92266
  To:                  0x2279b7a0a67db372996a5fab50d91eaa73d2ebe6
  Value:               0 ETH
  Gas used:            48691 of 30000000
  Block #27:           0xccbd88f1358ea0a1bc0886555361d66c79e508c7a85c5488741e3f4b6c09bfb0

[32meth_getTransactionByHash[0m
[32meth_getTransactionReceipt[0m
[32meth_blockNumber[0m
[32meth_feeHistory[0m
[32meth_sendTransaction[0m
  Contract call:       <UnrecognizedContract>
  Transaction:         0xa076288e3cd999a5806f73b68afdc668c268bfbdef09f7993b20cfde06478393
  From:                0xf39fd6e51aad88f6f4ce6ab8827279cfffb92266
  To:                  0x8a791620dd6260079bf849dc5567adc3f2fdc318
  Value:               0 ETH
  Gas used:            203670 of 30000000
  Block #28:           0x8c7f0d738fe635839f14124d38b5b5bfeeed9eb4876d791fd82840f6e4118311

[32meth_getTransactionByHash[0m
[32meth_getTransactionReceipt[0m
[32meth_blockNumber[0m
[32meth_feeHistory[0m
[32meth_sendTransaction[0m
  Contract call:       <UnrecognizedContract>
  Transaction:         0xb795f37575bb8e399bef9e3a55e90f10ce4007a0d62e5614eb1f7498c0fd3203
  From:                0xf39fd6e51aad88f6f4ce6ab8827279cfffb92266
  To:                  0x2279b7a0a67db372996a5fab50d91eaa73d2ebe6
  Value:               0 ETH
  Gas used:            243983 of 30000000
  Block #29:           0x589a712d66ca07a2e0b69329e51967a3bbca9de7ea41fb8766a445b22f83f401

[32meth_getTransactionByHash[0m
[32meth_getTransactionReceipt[0m
[32meth_blockNumber[0m
[32meth_feeHistory[0m
[32meth_sendTransaction[0m
  Contract call:       <UnrecognizedContract>
  Transaction:         0xd535ef8d192529a5c8c04cf2536ac30406000134d9ba293fd656c6faf4ce4960
  From:                0xf39fd6e51aad88f6f4ce6ab8827279cfffb92266
  To:                  0x2279b7a0a67db372996a5fab50d91eaa73d2ebe6
  Value:               0 ETH
  Gas used:            48691 of 30000000
  Block #30:           0x55082da4b83984452bb3a48b189cfba9c03b5a3a5a05c6545ab5e93c78e05b0c

[32meth_getTransactionByHash[0m
[32meth_getTransactionReceipt[0m
[32meth_blockNumber[0m
[32meth_feeHistory[0m
[32meth_sendTransaction[0m
  Contract call:       <UnrecognizedContract>
  Transaction:         0x6111b50cf0a53079ed54869ed3f4dd0ec7de6b5897d308ec46feae6389990a13
  From:                0xf39fd6e51aad88f6f4ce6ab8827279cfffb92266
  To:                  0x8a791620dd6260079bf849dc5567adc3f2fdc318
  Value:               0 ETH
  Gas used:            203670 of 30000000
  Block #31:           0x12eaf9172c0d84f8a110a3e12310f7fd999e846dd07bd5aaee8fb57f04d126fc

[32meth_getTransactionByHash[0m
[32meth_getTransactionReceipt[0m
[32meth_blockNumber[0m
[32meth_feeHistory[0m
[32meth_sendTransaction[0m
  Contract call:       <UnrecognizedContract>
  Transaction:         0x8465868ed8c51593da3ea6c8e71da7bbf53fff605c6d20d32fde774b3d29b28e
  From:                0xf39fd6e51aad88f6f4ce6ab8827279cfffb92266
  To:                  0x2279b7a0a67db372996a5fab50d91eaa73d2ebe6
  Value:               0 ETH
  Gas used:            243983 of 30000000
  Block #32:           0xb4d97791dde41868fbc00d1545ca514cd0ffb540fdb387a704978eaf77f411bf

[32meth_getTransactionByHash[0m
[32meth_getTransactionReceipt[0m
[32meth_blockNumber[0m
[32meth_feeHistory[0m
[32meth_sendTransaction[0m
  Contract call:       <UnrecognizedContract>
  Transaction:         0xf3ae3710f161a2946ee5ec8c044ff0a63d7f7814bea831a301914e4b8a0c4870
  From:                0xf39fd6e51aad88f6f4ce6ab8827279cfffb92266
  To:                  0x2279b7a0a67db372996a5fab50d91eaa73d2ebe6
  Value:               0 ETH
  Gas used:            48691 of 30000000
  Block #33:           0x5f1459a8338438946ae0585d600b036233eca19028ca3200b52cbb4ccfb0f4ce

[32meth_getTransactionByHash[0m
[32meth_getTransactionReceipt[0m
[32meth_blockNumber[0m
[32meth_feeHistory[0m
[32meth_sendTransaction[0m
  Contract call:       <UnrecognizedContract>
  Transaction:         0x07b9861425f03b460610b89e494f8769a46e04aa257bbb8e64db2c9f2758f1ed
  From:                0xf39fd6e51aad88f6f4ce6ab8827279cfffb92266
  To:                  0x8a791620dd6260079bf849dc5567adc3f2fdc318
  Value:               0 ETH
  Gas used:            218770 of 30000000
  Block #34:           0xd939a23f96ff55326859c278805069f5f666f05f56d98458314b918c1d5c056f

[32meth_getTransactionByHash[0m
[32meth_getTransactionReceipt[0m
